0 info it worked if it ends with ok
1 verbose cli [ '/usr/local/bin/node',
1 verbose cli   '/usr/local/bin/npm',
1 verbose cli   'install',
1 verbose cli   'cordova-plugin-chrome-apps' ]
2 info using npm@2.11.3
3 info using node@v0.12.7
4 verbose install initial load of /home/alopez/Desktop/ionic-app/CameraExample/package.json
5 warn package.json cameraexample@1.0.0 No repository field.
6 warn package.json cameraexample@1.0.0 No README data
7 warn package.json cameraexample@1.0.0 No license field.
8 verbose installManyTop reading scoped package data from /home/alopez/Desktop/ionic-app/CameraExample/node_modules/chromedriver/package.json
9 verbose installManyTop reading scoped package data from /home/alopez/Desktop/ionic-app/CameraExample/node_modules/cordova-plugin-chrome-apps-system-memory/package.json
10 info package.json chromedriver@2.16.0 No license field.
11 info package.json cordova-plugin-chrome-apps-system-memory@1.1.1 license should be a valid SPDX license expression
12 verbose readDependencies loading dependencies from /home/alopez/Desktop/ionic-app/CameraExample/package.json
13 silly cache add args [ 'cordova-plugin-chrome-apps', null ]
14 verbose cache add spec cordova-plugin-chrome-apps
15 silly cache add parsed spec { raw: 'cordova-plugin-chrome-apps',
15 silly cache add   scope: null,
15 silly cache add   name: 'cordova-plugin-chrome-apps',
15 silly cache add   rawSpec: '',
15 silly cache add   spec: '*',
15 silly cache add   type: 'range' }
16 silly addNamed cordova-plugin-chrome-apps@*
17 verbose addNamed "*" is a valid semver range for cordova-plugin-chrome-apps
18 silly addNameRange { name: 'cordova-plugin-chrome-apps',
18 silly addNameRange   range: '*',
18 silly addNameRange   hasData: false }
19 silly mapToRegistry name cordova-plugin-chrome-apps
20 silly mapToRegistry using default registry
21 silly mapToRegistry registry https://registry.npmjs.org/
22 silly mapToRegistry uri https://registry.npmjs.org/cordova-plugin-chrome-apps
23 verbose addNameRange registry:https://registry.npmjs.org/cordova-plugin-chrome-apps not in flight; fetching
24 verbose request uri https://registry.npmjs.org/cordova-plugin-chrome-apps
25 verbose request no auth needed
26 info attempt registry request try #1 at 16:51:55
27 verbose request id 34d8a783c2570aa3
28 http request GET https://registry.npmjs.org/cordova-plugin-chrome-apps
29 http 404 https://registry.npmjs.org/cordova-plugin-chrome-apps
30 verbose headers { server: 'CouchDB/1.5.0 (Erlang OTP/R16B03)',
30 verbose headers   'content-type': 'application/json',
30 verbose headers   'cache-control': 'max-age=0',
30 verbose headers   'content-length': '51',
30 verbose headers   'accept-ranges': 'bytes',
30 verbose headers   date: 'Fri, 31 Jul 2015 21:51:55 GMT',
30 verbose headers   via: '1.1 varnish',
30 verbose headers   age: '0',
30 verbose headers   connection: 'keep-alive',
30 verbose headers   'x-served-by': 'cache-dfw1835-DFW',
30 verbose headers   'x-cache': 'MISS',
30 verbose headers   'x-cache-hits': '0',
30 verbose headers   'x-timer': 'S1438379515.638423,VS0,VE49' }
31 silly get cb [ 404,
31 silly get   { server: 'CouchDB/1.5.0 (Erlang OTP/R16B03)',
31 silly get     'content-type': 'application/json',
31 silly get     'cache-control': 'max-age=0',
31 silly get     'content-length': '51',
31 silly get     'accept-ranges': 'bytes',
31 silly get     date: 'Fri, 31 Jul 2015 21:51:55 GMT',
31 silly get     via: '1.1 varnish',
31 silly get     age: '0',
31 silly get     connection: 'keep-alive',
31 silly get     'x-served-by': 'cache-dfw1835-DFW',
31 silly get     'x-cache': 'MISS',
31 silly get     'x-cache-hits': '0',
31 silly get     'x-timer': 'S1438379515.638423,VS0,VE49' } ]
32 verbose stack Error: 404 Not Found: cordova-plugin-chrome-apps
32 verbose stack     at CachingRegistryClient.<anonymous> (/usr/local/lib/node_modules/npm/node_modules/npm-registry-client/lib/request.js:245:14)
32 verbose stack     at Request._callback (/usr/local/lib/node_modules/npm/node_modules/npm-registry-client/lib/request.js:170:14)
32 verbose stack     at Request.self.callback (/usr/local/lib/node_modules/npm/node_modules/request/request.js:354:22)
32 verbose stack     at Request.emit (events.js:110:17)
32 verbose stack     at Request.<anonymous> (/usr/local/lib/node_modules/npm/node_modules/request/request.js:1207:14)
32 verbose stack     at Request.emit (events.js:129:20)
32 verbose stack     at IncomingMessage.<anonymous> (/usr/local/lib/node_modules/npm/node_modules/request/request.js:1153:12)
32 verbose stack     at IncomingMessage.emit (events.js:129:20)
32 verbose stack     at _stream_readable.js:908:16
32 verbose stack     at process._tickCallback (node.js:355:11)
33 verbose statusCode 404
34 verbose pkgid cordova-plugin-chrome-apps
35 verbose cwd /home/alopez/Desktop/ionic-app/CameraExample
36 error Linux 3.19.0-25-generic
37 error argv "/usr/local/bin/node" "/usr/local/bin/npm" "install" "cordova-plugin-chrome-apps"
38 error node v0.12.7
39 error npm  v2.11.3
40 error code E404
41 error 404 Not Found: cordova-plugin-chrome-apps
41 error 404
41 error 404 'cordova-plugin-chrome-apps' is not in the npm registry.
41 error 404 You should bug the author to publish it (or use the name yourself!)
41 error 404 It was specified as a dependency of 'cameraexample'
41 error 404
41 error 404 Note that you can also install from a
41 error 404 tarball, folder, http url, or git url.
42 verbose exit [ 1, true ]
